#
# There is insufficient memory for the Java Runtime Environment to continue.
# Native memory allocation (mmap) failed to map 65011712 bytes for G1 virtual space
# Possible reasons:
#   The system is out of physical RAM or swap space
#   The process is running with CompressedOops enabled, and the Java Heap may be blocking the growth of the native heap
# Possible solutions:
#   Reduce memory load on the system
#   Increase physical memory or swap space
#   Check if swap backing store is full
#   Decrease Java heap size (-Xmx/-Xms)
#   Decrease number of Java threads
#   Decrease Java thread stack sizes (-Xss)
#   Set larger code cache with -XX:ReservedCodeCacheSize=
#   JVM is running with Unscaled Compressed Oops mode in which the Java heap is
#     placed in the first 4GB address space. The Java Heap base address is the
#     maximum limit for the native heap growth. Please use -XX:HeapBaseMinAddress
#     to set the Java Heap base and to place the Java Heap above 4GB virtual address.
# This output file may be truncated or incomplete.
#
#  Out of Memory Error (os_windows.cpp:3528), pid=5068, tid=19248
#
# JRE version:  (20.0.2+9) (build )
# Java VM: Java HotSpot(TM) 64-Bit Server VM (20.0.2+9-78, mixed mode, sharing, tiered, compressed oops, compressed class ptrs, g1 gc, windows-amd64)
# No core dump will be written. Minidumps are not enabled by default on client versions of Windows
#

---------------  S U M M A R Y ------------

Command Line: -XX:+ShowCodeDetailsInExceptionMessages Numero

Host: Intel(R) Celeron(R) N4000C CPU @ 1.10GHz, 2 cores, 3G,  Windows 11 , 64 bit Build 22621 (10.0.22621.4391)
Time: Thu Nov 28 20:03:11 2024 Hora est. Pacífico, Sudamérica elapsed time: 0.115677 seconds (0d 0h 0m 0s)

---------------  T H R E A D  ---------------

Current thread (0x000001d58fb0d9a0):  JavaThread "Unknown thread" [_thread_in_vm, id=19248, stack(0x000000766fe00000,0x000000766ff00000)]

Stack: [0x000000766fe00000,0x000000766ff00000]
Native frames: (J=compiled Java code, j=interpreted, Vv=VM code, C=native code)
V  [jvm.dll+0x6bc25a]
V  [jvm.dll+0x84971a]
V  [jvm.dll+0x84b315]
V  [jvm.dll+0x84ba13]
V  [jvm.dll+0x280e4f]
V  [jvm.dll+0x6b8fe9]
V  [jvm.dll+0x6adbca]
V  [jvm.dll+0x35b165]
V  [jvm.dll+0x363386]
V  [jvm.dll+0x3b400e]
V  [jvm.dll+0x3b4295]
V  [jvm.dll+0x32b86a]
V  [jvm.dll+0x32c68b]
V  [jvm.dll+0x8123df]
V  [jvm.dll+0x3c1261]
V  [jvm.dll+0x7fe103]
V  [jvm.dll+0x44ccaf]
V  [jvm.dll+0x44e621]
C  [jli.dll+0x5287]
C  [ucrtbase.dll+0x29333]
C  [KERNEL32.DLL+0x1259d]
C  [ntdll.dll+0x5af38]


---------------  P R O C E S S  ---------------

Threads class SMR info:
_java_thread_list=0x00007ffeaa55b118, length=0, elements={
}

Java Threads: ( => current thread )

Other Threads:
  0x000001d58fb4cf80 WorkerThread "GC Thread#0" [stack: 0x0000007670000000,0x0000007670100000] [id=10592]
  0x000001d58fb558d0 ConcurrentGCThread "G1 Main Marker" [stack: 0x0000007670100000,0x0000007670200000] [id=5836]
  0x000001d58fb56300 WorkerThread "G1 Conc#0" [stack: 0x0000007670200000,0x0000007670300000] [id=2152]

[error occurred during error reporting (printing all threads), id 0xc0000005, EXCEPTION_ACCESS_VIOLATION (0xc0000005) at pc=0x00007ffea9d3eea7]
VM state: not at safepoint (not fully initialized)

VM Mutex/Monitor currently owned by a thread:  ([mutex/lock_event])
[0x000001d58fb096f0] Heap_lock - owner thread: 0x000001d58fb0d9a0

Heap address: 0x00000000c2e00000, size: 978 MB, Compressed Oops mode: 32-bit

CDS archive(s) mapped at: [0x0000000000000000-0x0000000000000000-0x0000000000000000), size 0, SharedBaseAddress: 0x0000000800000000, ArchiveRelocationMode: 1.
Narrow klass base: 0x0000000000000000, Narrow klass shift: 0, Narrow klass range: 0x0

GC Precious Log:
 CardTable entry size: 512
 Card Set container configuration: InlinePtr #cards 5 size 8 Array Of Cards #cards 12 size 40 Howl #buckets 4 coarsen threshold 1843 Howl Bitmap #cards 512 size 80 coarsen threshold 460 Card regions per heap region 1 cards per card region 2048

Heap:
 garbage-first heap   total 0K, used 0K [0x00000000c2e00000, 0x0000000100000000)
  region size 1024K, 0 young (0K), 0 survivors (0K)

[error occurred during error reporting (printing heap information), id 0xc0000005, EXCEPTION_ACCESS_VIOLATION (0xc0000005) at pc=0x00007ffeaa1147b9]
GC Heap History (0 events):
No events

Dll operation events (1 events):
Event: 0.034 Loaded shared library C:\Program Files\Java\jdk-20\bin\java.dll

Deoptimization events (0 events):
No events

Classes loaded (0 events):
No events

Classes unloaded (0 events):
No events

Classes redefined (0 events):
No events

Internal exceptions (0 events):
No events

VM Operations (0 events):
No events

Events (0 events):
No events


Dynamic libraries:
0x00007ff663bb0000 - 0x00007ff663bc0000 	C:\Program Files\Java\jdk-20\bin\java.exe
0x00007fff30f30000 - 0x00007fff31147000 	C:\WINDOWS\SYSTEM32\ntdll.dll
0x00007fff2ed40000 - 0x00007fff2ee04000 	C:\WINDOWS\System32\KERNEL32.DLL
0x00007fff2e320000 - 0x00007fff2e6d9000 	C:\WINDOWS\System32\KERNELBASE.dll
0x00007fff2eb30000 - 0x00007fff2ec41000 	C:\WINDOWS\System32\ucrtbase.dll
0x00007fff17c90000 - 0x00007fff17ca9000 	C:\Program Files\Java\jdk-20\bin\jli.dll
0x00007fff2f1c0000 - 0x00007fff2f272000 	C:\WINDOWS\System32\ADVAPI32.dll
0x00007fff2f0f0000 - 0x00007fff2f197000 	C:\WINDOWS\System32\msvcrt.dll
0x00007fff30da0000 - 0x00007fff30e47000 	C:\WINDOWS\System32\sechost.dll
0x00007fff2e8a0000 - 0x00007fff2e8c8000 	C:\WINDOWS\System32\bcrypt.dll
0x00007fff2ef90000 - 0x00007fff2f0a4000 	C:\WINDOWS\System32\RPCRT4.dll
0x00007fff30840000 - 0x00007fff309ee000 	C:\WINDOWS\System32\USER32.dll
0x00007fff2eb00000 - 0x00007fff2eb26000 	C:\WINDOWS\System32\win32u.dll
0x00007fff30ec0000 - 0x00007fff30ee9000 	C:\WINDOWS\System32\GDI32.dll
0x00007fff2e780000 - 0x00007fff2e89b000 	C:\WINDOWS\System32\gdi32full.dll
0x00007fff2e6e0000 - 0x00007fff2e77a000 	C:\WINDOWS\System32\msvcp_win.dll
0x00007fff05f50000 - 0x00007fff05f6b000 	C:\Program Files\Java\jdk-20\bin\VCRUNTIME140.dll
0x00007fff0dd40000 - 0x00007fff0dfd2000 	C:\WINDOWS\WinSxS\amd64_microsoft.windows.common-controls_6595b64144ccf1df_6.0.22621.4391_none_2715d37f73803e96\COMCTL32.dll
0x00007fff244d0000 - 0x00007fff244da000 	C:\WINDOWS\SYSTEM32\VERSION.dll
0x00007fff2f0b0000 - 0x00007fff2f0e1000 	C:\WINDOWS\System32\IMM32.DLL
0x00007fff26b80000 - 0x00007fff26b8c000 	C:\Program Files\Java\jdk-20\bin\vcruntime140_1.dll
0x00007ffeeacf0000 - 0x00007ffeead7e000 	C:\Program Files\Java\jdk-20\bin\msvcp140.dll
0x00007ffea9a00000 - 0x00007ffeaa698000 	C:\Program Files\Java\jdk-20\bin\server\jvm.dll
0x00007fff17c70000 - 0x00007fff17c79000 	C:\WINDOWS\SYSTEM32\WSOCK32.dll
0x00007fff2f290000 - 0x00007fff2f301000 	C:\WINDOWS\System32\WS2_32.dll
0x00007fff26940000 - 0x00007fff26974000 	C:\WINDOWS\SYSTEM32\WINMM.dll
0x00007fff2d270000 - 0x00007fff2d288000 	C:\WINDOWS\SYSTEM32\kernel.appcore.dll
0x00007fff14190000 - 0x00007fff1419a000 	C:\Program Files\Java\jdk-20\bin\jimage.dll
0x00007fff2bb90000 - 0x00007fff2bdc2000 	C:\WINDOWS\SYSTEM32\DBGHELP.DLL
0x00007fff2f310000 - 0x00007fff2f69f000 	C:\WINDOWS\System32\combase.dll
0x00007fff30a10000 - 0x00007fff30ae7000 	C:\WINDOWS\System32\OLEAUT32.dll
0x00007fff24a50000 - 0x00007fff24a82000 	C:\WINDOWS\SYSTEM32\dbgcore.DLL
0x00007fff2e2a0000 - 0x00007fff2e31b000 	C:\WINDOWS\System32\bcryptPrimitives.dll
0x00007fff05ec0000 - 0x00007fff05ee6000 	C:\Program Files\Java\jdk-20\bin\java.dll

dbghelp: loaded successfully - version: 4.0.5 - missing functions: none
symbol engine: initialized successfully - sym options: 0x614 - pdb path: .;C:\Program Files\Java\jdk-20\bin;C:\WINDOWS\SYSTEM32;C:\WINDOWS\WinSxS\amd64_microsoft.windows.common-controls_6595b64144ccf1df_6.0.22621.4391_none_2715d37f73803e96;C:\Program Files\Java\jdk-20\bin\server

VM Arguments:
jvm_args: -XX:+ShowCodeDetailsInExceptionMessages 
java_command: Numero
java_class_path (initial): C:\Users\USER\Pictures\Screenshots\java\primero\bin
Launcher Type: SUN_STANDARD

[Global flags]
     intx CICompilerCount                          = 2                                         {product} {ergonomic}
     uint ConcGCThreads                            = 1                                         {product} {ergonomic}
     uint G1ConcRefinementThreads                  = 2                                         {product} {ergonomic}
   size_t G1HeapRegionSize                         = 1048576                                   {product} {ergonomic}
    uintx GCDrainStackTargetSize                   = 64                                        {product} {ergonomic}
   size_t InitialHeapSize                          = 65011712                                  {product} {ergonomic}
   size_t MarkStackSize                            = 4194304                                   {product} {ergonomic}
   size_t MaxHeapSize                              = 1025507328                                {product} {ergonomic}
   size_t MinHeapDeltaBytes                        = 1048576                                   {product} {ergonomic}
   size_t MinHeapSize                              = 8388608                                   {product} {ergonomic}
    uintx NonNMethodCodeHeapSize                   = 5826188                                {pd product} {ergonomic}
    uintx NonProfiledCodeHeapSize                  = 122916026                              {pd product} {ergonomic}
    uintx ProfiledCodeHeapSize                     = 122916026                              {pd product} {ergonomic}
    uintx ReservedCodeCacheSize                    = 251658240                              {pd product} {ergonomic}
     bool SegmentedCodeCache                       = true                                      {product} {ergonomic}
     bool ShowCodeDetailsInExceptionMessages       = true                                   {manageable} {command line}
   size_t SoftMaxHeapSize                          = 1025507328                             {manageable} {ergonomic}
     bool UseCompressedClassPointers               = true                           {product lp64_product} {ergonomic}
     bool UseCompressedOops                        = true                           {product lp64_product} {ergonomic}
     bool UseG1GC                                  = true                                      {product} {ergonomic}
     bool UseLargePagesIndividualAllocation        = false                                  {pd product} {ergonomic}

Logging:
Log output configuration:
 #0: stdout all=warning uptime,level,tags foldmultilines=false
 #1: stderr all=off uptime,level,tags foldmultilines=false

Environment Variables:
PATH=C:\Program Files\Common Files\Oracle\Java\javapath;C:\WINDOWS\system32;C:\WINDOWS;C:\WINDOWS\System32\Wbem;C:\WINDOWS\System32\WindowsPowerShell\v1.0\;C:\WINDOWS\System32\OpenSSH\;C:\TDM-GCC-64\bin;C:\Program Files\Git\cmd;C:\Users\USER\AppData\Local\Microsoft\WindowsApps;C:\Users\USER\AppData\Local\Programs\Microsoft VS Code\bin;C:\Users\USER\AppData\Local\GitHubDesktop\bin
USERNAME=USER
LANG=en_US.UTF-8
OS=Windows_NT
PROCESSOR_IDENTIFIER=Intel64 Family 6 Model 122 Stepping 1, GenuineIntel
TMP=C:\Users\USER\AppData\Local\Temp
TEMP=C:\Users\USER\AppData\Local\Temp




---------------  S Y S T E M  ---------------

OS:
 Windows 11 , 64 bit Build 22621 (10.0.22621.4391)
OS uptime: 6 days 21:16 hours

CPU: total 2 (initial active 2) (2 cores per cpu, 1 threads per core) family 6 model 122 stepping 1 microcode 0x3e, cx8, cmov, fxsr, mmx, 3dnowpref, sse, sse2, sse3, ssse3, sse4.1, sse4.2, popcnt, tsc, tscinvbit, aes, erms, clmul, sha, clflush, clflushopt, rdtscp, rdpid

Memory: 4k page, system-wide physical 3911M (287M free)
TotalPageFile size 8310M (AvailPageFile size 26M)
current process WorkingSet (physical memory assigned to process): 10M, peak: 10M
current process commit charge ("private bytes"): 47M, peak: 109M

vm_info: Java HotSpot(TM) 64-Bit Server VM (20.0.2+9-78) for windows-amd64 JRE (20.0.2+9-78), built on 2023-06-14T10:08:48Z by "mach5one" with MS VC++ 17.1 (VS2022)

END.
